<?xml version="1.0" encoding="UTF-8"?>
<urlset xmlns="http://www.sitemaps.org/schemas/sitemap/0.9">
  <url>
    <loc>https://klispots.com/cafe/1-ph5-coffee-shop</loc>
    <lastmod>2025-09-04</lastmod>
    <changefreq>weekly</changefreq>
    <priority>0.7</priority>
  </url>
  <url>
    <loc>https://klispots.com/cafe/3-kremsi-clifton</loc>
    <lastmod>2025-09-04</lastmod>
    <changefreq>weekly</changefreq>
    <priority>0.7</priority>
  </url>
  <url>
    <loc>https://klispots.com/cafe/5-chaye-shashka</loc>
    <lastmod>2025-09-04</lastmod>
    <changefreq>weekly</changefreq>
    <priority>0.7</priority>
  </url>
  <url>
    <loc>https://klispots.com/cafe/7-corti-cafe</loc>
    <lastmod>2025-09-04</lastmod>
    <changefreq>weekly</changefreq>
    <priority>0.7</priority>
  </url>
  <url>
    <loc>https://klispots.com/cafe/9-the-cafe-mafia</loc>
    <lastmod>2025-09-04</lastmod>
    <changefreq>weekly</changefreq>
    <priority>0.7</priority>
  </url>
  <url>
    <loc>https://klispots.com/cafe/11-adelante</loc>
    <lastmod>2025-09-04</lastmod>
    <changefreq>weekly</changefreq>
    <priority>0.7</priority>
  </url>
  <url>
    <loc>https://klispots.com/cafe/13-cafe-sukoon</loc>
    <lastmod>2025-09-04</lastmod>
    <changefreq>weekly</changefreq>
    <priority>0.7</priority>
  </url>
  <url>
    <loc>https://klispots.com/cafe/15-cafe-karachi</loc>
    <lastmod>2025-09-04</lastmod>
    <changefreq>weekly</changefreq>
    <priority>0.7</priority>
  </url>
  <url>
    <loc>https://klispots.com/cafe/17-ritual-beans</loc>
    <lastmod>2025-09-04</lastmod>
    <changefreq>weekly</changefreq>
    <priority>0.7</priority>
  </url>
  <url>
    <loc>https://klispots.com/cafe/19-pinocchio</loc>
    <lastmod>2025-09-04</lastmod>
    <changefreq>weekly</changefreq>
    <priority>0.7</priority>
  </url>
</urlset>